<?xml version="1.0" encoding="UTF-8"?>
<!-- Generated by org.testng.reporters.JUnitReportReporter -->
<testsuite hostname="DESKTOP-KSLQERK" failures="0" tests="1" name="SamplePakage.TC001" time="7.648" errors="0" timestamp="2020-11-24T15:47:14 IST" skipped="0">
  <testcase classname="SamplePakage.TC001" name="testcase1" time="7.648"/>
  <system-out/>
</testsuite> <!-- SamplePakage.TC001 -->
